********************************************************************************
product = Open Liberty 20.0.0.6 (wlp-1.0.41.cl200620200528-0414)
wlp.install.dir = /opt/ol/wlp/
server.output.dir = /opt/ol/wlp/output/defaultServer/
java.home = /opt/java/openjdk/jre
java.version = 1.8.0_252
java.runtime = OpenJDK Runtime Environment (1.8.0_252-b09)
os = Linux (4.19.76-linuxkit; amd64) (en_US)
process = 1@172.17.0.3
********************************************************************************
[10/15/20 22:58:22:178 UTC] 00000001 com.ibm.ws.kernel.launch.internal.FrameworkManager           A CWWKE0001I: The server defaultServer has been launched.
[10/15/20 22:58:23:406 UTC] 00000028 com.ibm.ws.config.xml.internal.ServerXMLConfiguration        A CWWKG0093A: Processing configuration drop-ins resource: /opt/ol/wlp/usr/servers/defaultServer/configDropins/defaults/keystore.xml
[10/15/20 22:58:23:437 UTC] 00000028 com.ibm.ws.config.xml.internal.ServerXMLConfiguration        A CWWKG0093A: Processing configuration drop-ins resource: /opt/ol/wlp/usr/servers/defaultServer/configDropins/defaults/open-default-port.xml
[10/15/20 22:58:23:448 UTC] 00000028 com.ibm.ws.config.xml.internal.ServerXMLConfiguration        A CWWKG0093A: Processing configuration drop-ins resource: /opt/ol/wlp/usr/servers/defaultServer/configDropins/overrides/dev-mode-config.xml
[10/15/20 22:58:23:628 UTC] 00000001 com.ibm.ws.kernel.launch.internal.FrameworkManager           I CWWKE0002I: The kernel started after 1.675 seconds
[10/15/20 22:58:23:673 UTC] 00000030 com.ibm.ws.kernel.feature.internal.FeatureManager            I CWWKF0007I: Feature update started.
[10/15/20 22:58:26:669 UTC] 00000030 com.ibm.ws.config.xml.internal.ConfigValidator               A CWWKG0102I: Found conflicting settings for defaultKeyStore instance of keyStore configuration.
  Property password has conflicting values:
    Secure value is set in file:/opt/ol/wlp/usr/servers/defaultServer/configDropins/defaults/keystore.xml.
    Secure value is set in file:/opt/ol/wlp/usr/servers/defaultServer/server.xml.
  Property password will be set to the value defined in file:/opt/ol/wlp/usr/servers/defaultServer/server.xml.

[10/15/20 22:58:26:806 UTC] 00000027 .apache.cxf.cxf.core.3.2:1.0.41.cl200620200528-0414(id=181)] I Aries Blueprint packages not available. So namespaces will not be registered
[10/15/20 22:58:26:816 UTC] 00000027 .apache.cxf.cxf.core.3.2:1.0.41.cl200620200528-0414(id=181)] I Aries Blueprint packages not available. So namespaces will not be registered
[10/15/20 22:58:26:940 UTC] 00000024 com.ibm.ws.security.ready.internal.SecurityReadyServiceImpl  I CWWKS0007I: The security service is starting...
[10/15/20 22:58:27:372 UTC] 00000026 com.ibm.ws.app.manager.internal.monitor.DropinMonitor        A CWWKZ0058I: Monitoring dropins for applications.
[10/15/20 22:58:27:902 UTC] 00000026 com.ibm.ws.cache.ServerCache                                 I DYNA1001I: WebSphere Dynamic Cache instance named baseCache initialized successfully.
[10/15/20 22:58:27:906 UTC] 00000026 com.ibm.ws.cache.ServerCache                                 I DYNA1071I: The cache provider default is being used.
[10/15/20 22:58:27:912 UTC] 00000026 com.ibm.ws.cache.CacheServiceImpl                            I DYNA1056I: Dynamic Cache (object cache) initialized successfully.
[10/15/20 22:58:28:467 UTC] 0000002c com.ibm.ws.ssl.config.WSKeyStore                             I CWPKI0802I: Creating the SSL certificate. This may take a few seconds.
[10/15/20 22:58:28:512 UTC] 00000044 com.ibm.ws.security.token.ltpa.internal.LTPAKeyInfoManager   I CWWKS4103I: Creating the LTPA keys. This may take a few seconds.
[10/15/20 22:58:28:564 UTC] 00000024 ibm.ws.security.authentication.internal.jaas.JAASServiceImpl I CWWKS1123I: The collective authentication plugin with class name NullCollectiveAuthenticationPlugin has been activated. 
[10/15/20 22:58:28:858 UTC] 00000024 com.ibm.ws.security.jwt.internal.ConsumerImpl                I CWWKS6012I: The JSON Web Token (JWT) consumer service is available.
[10/15/20 22:58:28:886 UTC] 00000024 com.ibm.ws.security.jwt.web.JwtEndpointServices              I CWWKS6002I: The JSON Web Token (JWT) endpoint service is available.
[10/15/20 22:58:28:904 UTC] 00000024 .ws.security.mp.jwt.v11.config.impl.MpConfigProxyServiceImpl I CWWKS5775I: The MicroProfile JWT version 1.1 mpConfigProxy processed successfully.
[10/15/20 22:58:28:920 UTC] 00000024 com.ibm.ws.security.mp.jwt.impl.MicroProfileJwtConfigImpl    I CWWKS5500I: The MicroProfile JWT configuration [jwtUserConsumer] was successfully processed.
[10/15/20 22:58:28:923 UTC] 00000024 com.ibm.ws.security.mp.jwt.impl.MicroProfileJwtConfigImpl    I CWWKS5500I: The MicroProfile JWT configuration [defaultMpJwt] was successfully processed.
[10/15/20 22:58:28:928 UTC] 00000024 com.ibm.ws.security.mp.jwt.impl.MicroProfileJwtServiceImpl   I CWWKS5500I: The MicroProfile JWT configuration [MicroProfileJwtService] was successfully processed.
[10/15/20 22:58:29:341 UTC] 00000044 com.ibm.ws.security.token.ltpa.internal.LTPAKeyInfoManager   A CWWKS4104A: LTPA keys created in 0.829 seconds. LTPA key file: /opt/ol/wlp/output/defaultServer/resources/security/ltpa.keys
[10/15/20 22:58:29:357 UTC] 00000044 com.ibm.ws.security.token.ltpa.internal.LTPAKeyCreateTask    I CWWKS4105I: LTPA configuration is ready after 0.858 seconds.
[10/15/20 22:58:29:577 UTC] 0000002c com.ibm.ws.ssl.config.WSKeyStore                             A CWPKI0803A: SSL certificate created in 1.110 seconds. SSL key file: /opt/ol/wlp/output/defaultServer/resources/security/public.jks
[10/15/20 22:58:29:579 UTC] 0000002c com.ibm.ws.ssl.config.WSKeyStore                             I Successfully loaded default keystore: /opt/ol/wlp/output/defaultServer/resources/security/public.jks of type: JKS
[10/15/20 22:58:29:874 UTC] 00000024 com.ibm.ws.session.WASSessionCore                            I SESN8501I: The session manager did not find a persistent storage location; HttpSession objects will be stored in the local application server's memory.
[10/15/20 22:58:29:946 UTC] 00000024 om.ibm.ws.microprofile.metrics.monitor.MonitorMetricsHandler I CWPMI2003I: Monitoring metrics can be retrieved through mpMetrics.
[10/15/20 22:58:30:819 UTC] 00000040 com.ibm.ws.app.manager.AppMessageHelper                      I CWWKZ0018I: Starting application demo.
[10/15/20 22:58:30:823 UTC] 00000040 bm.ws.app.manager.war.internal.WARDeployedAppInfoFactoryImpl I CWWKZ0134I: The demo application is using the loose application definition at the /opt/ol/wlp/usr/servers/defaultServer/apps/demo.war.xml location.
[10/15/20 22:58:31:435 UTC] 00000044 com.ibm.ws.webcontainer.osgi.webapp.WebGroup                 I SRVE0169I: Loading Web Module: PublicMicroProfileMetrics.
[10/15/20 22:58:31:436 UTC] 0000003b com.ibm.ws.webcontainer.osgi.webapp.WebGroup                 I SRVE0169I: Loading Web Module: OpenAPIUI.
[10/15/20 22:58:31:441 UTC] 00000044 com.ibm.ws.webcontainer                                      I SRVE0250I: Web Module PublicMicroProfileMetrics has been bound to default_host.
[10/15/20 22:58:31:442 UTC] 00000037 com.ibm.ws.webcontainer.osgi.webapp.WebGroup                 I SRVE0169I: Loading Web Module: com.ibm.ws.security.jwt.
[10/15/20 22:58:31:438 UTC] 0000003e com.ibm.ws.webcontainer.osgi.webapp.WebGroup                 I SRVE0169I: Loading Web Module: health.
[10/15/20 22:58:31:438 UTC] 00000038 com.ibm.ws.webcontainer.osgi.webapp.WebGroup                 I SRVE0169I: Loading Web Module: ibm/api.
[10/15/20 22:58:31:442 UTC] 0000003b com.ibm.ws.webcontainer                                      I SRVE0250I: Web Module OpenAPIUI has been bound to default_host.
[10/15/20 22:58:31:453 UTC] 00000037 com.ibm.ws.webcontainer                                      I SRVE0250I: Web Module com.ibm.ws.security.jwt has been bound to default_host.
[10/15/20 22:58:31:454 UTC] 0000003e com.ibm.ws.webcontainer                                      I SRVE0250I: Web Module health has been bound to default_host.
[10/15/20 22:58:31:455 UTC] 00000038 com.ibm.ws.webcontainer                                      I SRVE0250I: Web Module ibm/api has been bound to default_host.
[10/15/20 22:58:31:445 UTC] 00000044 com.ibm.ws.http.internal.VirtualHostImpl                     A CWWKT0016I: Web application available (default_host): http://9b2af1983520:9081/metrics/
[10/15/20 22:58:31:462 UTC] 00000037 com.ibm.ws.http.internal.VirtualHostImpl                     A CWWKT0016I: Web application available (default_host): http://9b2af1983520:9081/jwt/
[10/15/20 22:58:31:464 UTC] 0000003b com.ibm.ws.http.internal.VirtualHostImpl                     A CWWKT0016I: Web application available (default_host): http://9b2af1983520:9081/openapi/ui/
[10/15/20 22:58:31:466 UTC] 0000003e com.ibm.ws.http.internal.VirtualHostImpl                     A CWWKT0016I: Web application available (default_host): http://9b2af1983520:9081/health/
[10/15/20 22:58:31:470 UTC] 00000038 com.ibm.ws.http.internal.VirtualHostImpl                     A CWWKT0016I: Web application available (default_host): http://9b2af1983520:9081/ibm/api/
[10/15/20 22:58:31:669 UTC] 00000035 com.ibm.ws.session.WASSessionCore                            I SESN0176I: A new session context will be created for application key default_host/health
[10/15/20 22:58:31:669 UTC] 00000043 com.ibm.ws.session.WASSessionCore                            I SESN0176I: A new session context will be created for application key default_host/ibm/api
[10/15/20 22:58:31:669 UTC] 00000033 com.ibm.ws.session.WASSessionCore                            I SESN0176I: A new session context will be created for application key default_host/jwt
[10/15/20 22:58:31:669 UTC] 00000036 com.ibm.ws.session.WASSessionCore                            I SESN0176I: A new session context will be created for application key default_host/metrics
[10/15/20 22:58:31:669 UTC] 00000041 com.ibm.ws.session.WASSessionCore                            I SESN0176I: A new session context will be created for application key default_host/openapi/ui
[10/15/20 22:58:31:951 UTC] 00000035 com.ibm.ws.util                                              I SESN0172I: The session manager is using the Java default SecureRandom implementation for session ID generation.
[10/15/20 22:58:32:000 UTC] 00000036 com.ibm.ws.util                                              I SESN0172I: The session manager is using the Java default SecureRandom implementation for session ID generation.
[10/15/20 22:58:32:002 UTC] 00000033 com.ibm.ws.util                                              I SESN0172I: The session manager is using the Java default SecureRandom implementation for session ID generation.
[10/15/20 22:58:32:004 UTC] 00000041 com.ibm.ws.util                                              I SESN0172I: The session manager is using the Java default SecureRandom implementation for session ID generation.
[10/15/20 22:58:32:006 UTC] 00000043 com.ibm.ws.util                                              I SESN0172I: The session manager is using the Java default SecureRandom implementation for session ID generation.
[10/15/20 22:58:32:008 UTC] 00000039 com.ibm.ws.webcontainer.osgi.webapp.WebGroup                 I SRVE0169I: Loading Web Module: MicroProfileOpenAPI.
[10/15/20 22:58:32:012 UTC] 00000039 com.ibm.ws.webcontainer                                      I SRVE0250I: Web Module MicroProfileOpenAPI has been bound to default_host.
[10/15/20 22:58:32:026 UTC] 00000039 com.ibm.ws.http.internal.VirtualHostImpl                     A CWWKT0016I: Web application available (default_host): http://9b2af1983520:9081/openapi/
[10/15/20 22:58:32:063 UTC] 00000041 com.ibm.ws.cache.CacheServiceImpl                            I DYNA1056I: Dynamic Cache (object cache) initialized successfully.
[10/15/20 22:58:32:112 UTC] 00000042 com.ibm.ws.session.WASSessionCore                            I SESN0176I: A new session context will be created for application key default_host/openapi
[10/15/20 22:58:32:114 UTC] 00000042 com.ibm.ws.util                                              I SESN0172I: The session manager is using the Java default SecureRandom implementation for session ID generation.
[10/15/20 22:58:32:395 UTC] 00000046 com.ibm.ws.webcontainer.osgi.mbeans.PluginGenerator          I SRVE9103I: A configuration file for a web server plugin was automatically generated for this server at /opt/ol/wlp/output/defaultServer/logs/state/plugin-cfg.xml.
[10/15/20 22:58:32:465 UTC] 0000003e com.ibm.ws.webcontainer.osgi.mbeans.PluginGenerator          I SRVE9103I: A configuration file for a web server plugin was automatically generated for this server at /opt/ol/wlp/output/defaultServer/logs/state/plugin-cfg.xml.
[10/15/20 22:58:32:511 UTC] 00000036 com.ibm.ws.webcontainer.servlet                              I SRVE0242I: [com.ibm.ws.microprofile.metrics.public] [/metrics] [PublicMetricsRESTProxyServlet]: Initialization successful.
[10/15/20 22:58:32:520 UTC] 00000035 com.ibm.ws.webcontainer.servlet                              I SRVE0242I: [com.ibm.ws.microprofile.health.2.0] [/health] [HealthCheckReadinessServlet]: Initialization successful.
[10/15/20 22:58:32:530 UTC] 00000042 com.ibm.ws.webcontainer.servlet                              I SRVE0242I: [com.ibm.ws.microprofile.openapi] [/openapi] [OpenAPIServlet]: Initialization successful.
[10/15/20 22:58:32:530 UTC] 00000035 com.ibm.ws.webcontainer.servlet                              I SRVE0242I: [com.ibm.ws.microprofile.health.2.0] [/health] [HealthCheckServlet]: Initialization successful.
[10/15/20 22:58:32:534 UTC] 00000035 com.ibm.ws.webcontainer.servlet                              I SRVE0242I: [com.ibm.ws.microprofile.health.2.0] [/health] [HealthCheckLivenessServlet]: Initialization successful.
[10/15/20 22:58:33:809 UTC] 00000040 com.ibm.ws.microprofile.openapi.ApplicationProcessor         I CWWKO1660I: The application demo was processed and an OpenAPI document was produced.
[10/15/20 22:58:33:875 UTC] 00000040 org.jboss.weld.Version                                       I WELD-000900: 3.1.4 (Final)
[10/15/20 22:58:37:293 UTC] 00000040 com.ibm.ws.webcontainer.osgi.webapp.WebGroup                 I SRVE0169I: Loading Web Module: demo.
[10/15/20 22:58:37:294 UTC] 00000040 com.ibm.ws.webcontainer                                      I SRVE0250I: Web Module demo has been bound to default_host.
[10/15/20 22:58:37:296 UTC] 00000040 com.ibm.ws.http.internal.VirtualHostImpl                     A CWWKT0016I: Web application available (default_host): http://9b2af1983520:9081/
[10/15/20 22:58:37:300 UTC] 00000042 com.ibm.ws.session.WASSessionCore                            I SESN0176I: A new session context will be created for application key default_host/
[10/15/20 22:58:37:302 UTC] 00000042 com.ibm.ws.util                                              I SESN0172I: The session manager is using the Java default SecureRandom implementation for session ID generation.
[10/15/20 22:58:37:336 UTC] 00000035 com.ibm.ws.webcontainer.osgi.mbeans.PluginGenerator          I SRVE9103I: A configuration file for a web server plugin was automatically generated for this server at /opt/ol/wlp/output/defaultServer/logs/state/plugin-cfg.xml.
[10/15/20 22:58:37:406 UTC] 00000042 com.ibm.ws.app.manager.AppMessageHelper                      A CWWKZ0001I: Application demo started in 6.588 seconds.
[10/15/20 22:58:38:701 UTC] 00000030 com.ibm.ws.tcpchannel.internal.TCPPort                       I CWWKO0219I: TCP Channel defaultHttpEndpoint has been started and is now listening for requests on host *  (IPv4) port 9081.
[10/15/20 22:58:38:707 UTC] 00000030 com.ibm.ws.tcpchannel.internal.TCPPort                       I CWWKO0219I: TCP Channel defaultHttpEndpoint-ssl has been started and is now listening for requests on host *  (IPv4) port 9444.
[10/15/20 22:58:38:799 UTC] 00000030 com.ibm.ws.kernel.feature.internal.FeatureManager            A CWWKF0012I: The server installed the following features: [appSecurity-2.0, cdi-2.0, concurrent-1.0, distributedMap-1.0, jaxrs-2.1, jaxrsClient-2.1, jndi-1.0, json-1.0, jsonb-1.0, jsonp-1.1, jwt-1.0, microProfile-3.3, monitor-1.0, mpConfig-1.4, mpFaultTolerance-2.1, mpHealth-2.2, mpJwt-1.1, mpMetrics-2.3, mpOpenAPI-1.1, mpOpenTracing-1.3, mpRestClient-1.4, opentracing-1.3, servlet-4.0, ssl-1.0].
[10/15/20 22:58:38:803 UTC] 00000030 com.ibm.ws.kernel.feature.internal.FeatureManager            A CWWKF0013I: The server removed the following features: [el-3.0, jsp-2.3, servlet-3.1].
[10/15/20 22:58:38:805 UTC] 00000030 com.ibm.ws.kernel.feature.internal.FeatureManager            I CWWKF0008I: Feature update completed in 15.177 seconds.
[10/15/20 22:58:38:808 UTC] 00000030 com.ibm.ws.kernel.feature.internal.FeatureManager            A CWWKF0011I: The defaultServer server is ready to run a smarter planet. The defaultServer server started in 16.856 seconds.
[10/15/20 22:58:41:502 UTC] 00000040 com.ibm.ws.http.internal.VirtualHostImpl                     A CWWKT0017I: Web application removed (default_host): http://9b2af1983520:9081/
[10/15/20 22:58:41:586 UTC] 00000040 com.ibm.ws.app.manager.AppMessageHelper                      A CWWKZ0009I: The application demo has stopped successfully.
[10/15/20 22:58:41:618 UTC] 00000040 com.ibm.ws.app.manager.AppMessageHelper                      I CWWKZ0018I: Starting application demo.
[10/15/20 22:58:41:620 UTC] 00000040 bm.ws.app.manager.war.internal.WARDeployedAppInfoFactoryImpl I CWWKZ0134I: The demo application is using the loose application definition at the /opt/ol/wlp/usr/servers/defaultServer/apps/demo.war.xml location.
[10/15/20 22:58:41:644 UTC] 00000039 com.ibm.ws.webcontainer.osgi.mbeans.PluginGenerator          I SRVE9103I: A configuration file for a web server plugin was automatically generated for this server at /opt/ol/wlp/output/defaultServer/logs/state/plugin-cfg.xml.
[10/15/20 22:58:42:514 UTC] 00000040 com.ibm.ws.microprofile.openapi.ApplicationProcessor         I CWWKO1660I: The application demo was processed and an OpenAPI document was produced.
[10/15/20 22:58:44:383 UTC] 00000040 com.ibm.ws.webcontainer.osgi.webapp.WebGroup                 I SRVE0169I: Loading Web Module: demo.
[10/15/20 22:58:44:386 UTC] 00000040 com.ibm.ws.webcontainer                                      I SRVE0250I: Web Module demo has been bound to default_host.
[10/15/20 22:58:44:388 UTC] 00000040 com.ibm.ws.http.internal.VirtualHostImpl                     A CWWKT0016I: Web application available (default_host): http://9b2af1983520:9081/
[10/15/20 22:58:44:392 UTC] 00000036 com.ibm.ws.session.WASSessionCore                            I SESN0176I: A new session context will be created for application key default_host/
[10/15/20 22:58:44:394 UTC] 00000036 com.ibm.ws.util                                              I SESN0172I: The session manager is using the Java default SecureRandom implementation for session ID generation.
[10/15/20 22:58:44:507 UTC] 00000036 com.ibm.ws.app.manager.AppMessageHelper                      A CWWKZ0003I: The application demo updated in 2.889 seconds.
[10/15/20 22:58:44:550 UTC] 0000005c com.ibm.ws.webcontainer.osgi.mbeans.PluginGenerator          I SRVE9103I: A configuration file for a web server plugin was automatically generated for this server at /opt/ol/wlp/output/defaultServer/logs/state/plugin-cfg.xml.
[10/15/20 23:01:45:743 UTC] 00000043 .apache.cxf.cxf.core.3.2:1.0.41.cl200620200528-0414(id=181)] I Setting the server's publish address to be /data/
[10/15/20 23:01:45:888 UTC] 00000043 com.ibm.ws.webcontainer.servlet                              I SRVE0242I: [demo] [/] [com.example.demo.DemoRestApplication]: Initialization successful.
[10/15/20 23:01:46:255 UTC] 00000043 SystemErr                                                    R SLF4J: Failed to load class "org.slf4j.impl.StaticLoggerBinder".
[10/15/20 23:01:46:257 UTC] 00000043 SystemErr                                                    R SLF4J: Defaulting to no-operation (NOP) logger implementation
[10/15/20 23:01:46:259 UTC] 00000043 SystemErr                                                    R SLF4J: See http://www.slf4j.org/codes.html#StaticLoggerBinder for further details.
[10/15/20 23:01:46:580 UTC] 00000043 m.ibm.ws.microprofile.opentracing.jaeger.JaegerTracerFactory I CWMOT1001I: A JaegerTracer instance was created for the demo application.  Tracing information is sent to localhost:6831.
