********************************************************************************
product = Open Liberty 20.0.0.6 (wlp-1.0.41.cl200620200528-0414)
wlp.install.dir = /opt/ol/wlp/
server.output.dir = /opt/ol/wlp/output/defaultServer/
java.home = /opt/java/openjdk/jre
java.version = 1.8.0_252
java.runtime = OpenJDK Runtime Environment (1.8.0_252-b09)
os = Linux (4.19.76-linuxkit; amd64) (en_US)
process = 1@172.17.0.3
********************************************************************************
[10/15/20 21:48:24:568 UTC] 00000001 com.ibm.ws.kernel.launch.internal.FrameworkManager           A CWWKE0001I: The server defaultServer has been launched.
[10/15/20 21:48:25:764 UTC] 00000025 com.ibm.ws.config.xml.internal.ServerXMLConfiguration        A CWWKG0093A: Processing configuration drop-ins resource: /opt/ol/wlp/usr/servers/defaultServer/configDropins/defaults/keystore.xml
[10/15/20 21:48:25:791 UTC] 00000025 com.ibm.ws.config.xml.internal.ServerXMLConfiguration        A CWWKG0093A: Processing configuration drop-ins resource: /opt/ol/wlp/usr/servers/defaultServer/configDropins/defaults/open-default-port.xml
[10/15/20 21:48:25:799 UTC] 00000025 com.ibm.ws.config.xml.internal.ServerXMLConfiguration        A CWWKG0093A: Processing configuration drop-ins resource: /opt/ol/wlp/usr/servers/defaultServer/configDropins/overrides/dev-mode-config.xml
[10/15/20 21:48:25:972 UTC] 00000001 com.ibm.ws.kernel.launch.internal.FrameworkManager           I CWWKE0002I: The kernel started after 1.591 seconds
[10/15/20 21:48:26:008 UTC] 00000030 com.ibm.ws.kernel.feature.internal.FeatureManager            I CWWKF0007I: Feature update started.
[10/15/20 21:48:28:478 UTC] 00000030 com.ibm.ws.config.xml.internal.ConfigValidator               A CWWKG0102I: Found conflicting settings for defaultKeyStore instance of keyStore configuration.
  Property password has conflicting values:
    Secure value is set in file:/opt/ol/wlp/usr/servers/defaultServer/configDropins/defaults/keystore.xml.
    Secure value is set in file:/opt/ol/wlp/usr/servers/defaultServer/server.xml.
  Property password will be set to the value defined in file:/opt/ol/wlp/usr/servers/defaultServer/server.xml.

[10/15/20 21:48:28:654 UTC] 00000027 .apache.cxf.cxf.core.3.2:1.0.41.cl200620200528-0414(id=181)] I Aries Blueprint packages not available. So namespaces will not be registered
[10/15/20 21:48:28:664 UTC] 00000027 .apache.cxf.cxf.core.3.2:1.0.41.cl200620200528-0414(id=181)] I Aries Blueprint packages not available. So namespaces will not be registered
[10/15/20 21:48:28:788 UTC] 00000024 com.ibm.ws.security.ready.internal.SecurityReadyServiceImpl  I CWWKS0007I: The security service is starting...
[10/15/20 21:48:29:272 UTC] 00000026 com.ibm.ws.app.manager.internal.monitor.DropinMonitor        A CWWKZ0058I: Monitoring dropins for applications.
[10/15/20 21:48:29:779 UTC] 00000025 com.ibm.ws.cache.ServerCache                                 I DYNA1001I: WebSphere Dynamic Cache instance named baseCache initialized successfully.
[10/15/20 21:48:29:805 UTC] 00000025 com.ibm.ws.cache.ServerCache                                 I DYNA1071I: The cache provider default is being used.
[10/15/20 21:48:29:812 UTC] 00000025 com.ibm.ws.cache.CacheServiceImpl                            I DYNA1056I: Dynamic Cache (object cache) initialized successfully.
[10/15/20 21:48:30:424 UTC] 0000002c com.ibm.ws.ssl.config.WSKeyStore                             I CWPKI0802I: Creating the SSL certificate. This may take a few seconds.
[10/15/20 21:48:30:464 UTC] 00000044 com.ibm.ws.security.token.ltpa.internal.LTPAKeyInfoManager   I CWWKS4103I: Creating the LTPA keys. This may take a few seconds.
[10/15/20 21:48:30:512 UTC] 00000024 ibm.ws.security.authentication.internal.jaas.JAASServiceImpl I CWWKS1123I: The collective authentication plugin with class name NullCollectiveAuthenticationPlugin has been activated. 
[10/15/20 21:48:30:800 UTC] 00000024 com.ibm.ws.security.jwt.internal.ConsumerImpl                I CWWKS6012I: The JSON Web Token (JWT) consumer service is available.
[10/15/20 21:48:30:826 UTC] 00000024 com.ibm.ws.security.jwt.web.JwtEndpointServices              I CWWKS6002I: The JSON Web Token (JWT) endpoint service is available.
[10/15/20 21:48:30:843 UTC] 00000024 .ws.security.mp.jwt.v11.config.impl.MpConfigProxyServiceImpl I CWWKS5775I: The MicroProfile JWT version 1.1 mpConfigProxy processed successfully.
[10/15/20 21:48:30:858 UTC] 00000024 com.ibm.ws.security.mp.jwt.impl.MicroProfileJwtConfigImpl    I CWWKS5500I: The MicroProfile JWT configuration [jwtUserConsumer] was successfully processed.
[10/15/20 21:48:30:861 UTC] 00000024 com.ibm.ws.security.mp.jwt.impl.MicroProfileJwtConfigImpl    I CWWKS5500I: The MicroProfile JWT configuration [defaultMpJwt] was successfully processed.
[10/15/20 21:48:30:866 UTC] 00000024 com.ibm.ws.security.mp.jwt.impl.MicroProfileJwtServiceImpl   I CWWKS5500I: The MicroProfile JWT configuration [MicroProfileJwtService] was successfully processed.
[10/15/20 21:48:31:226 UTC] 0000002c com.ibm.ws.ssl.config.WSKeyStore                             A CWPKI0803A: SSL certificate created in 0.802 seconds. SSL key file: /opt/ol/wlp/output/defaultServer/resources/security/public.jks
[10/15/20 21:48:31:228 UTC] 0000002c com.ibm.ws.ssl.config.WSKeyStore                             I Successfully loaded default keystore: /opt/ol/wlp/output/defaultServer/resources/security/public.jks of type: JKS
[10/15/20 21:48:31:476 UTC] 00000044 com.ibm.ws.security.token.ltpa.internal.LTPAKeyInfoManager   A CWWKS4104A: LTPA keys created in 1.011 seconds. LTPA key file: /opt/ol/wlp/output/defaultServer/resources/security/ltpa.keys
[10/15/20 21:48:31:484 UTC] 00000044 com.ibm.ws.security.token.ltpa.internal.LTPAKeyCreateTask    I CWWKS4105I: LTPA configuration is ready after 1.033 seconds.
[10/15/20 21:48:31:955 UTC] 00000024 com.ibm.ws.session.WASSessionCore                            I SESN8501I: The session manager did not find a persistent storage location; HttpSession objects will be stored in the local application server's memory.
[10/15/20 21:48:32:028 UTC] 00000024 om.ibm.ws.microprofile.metrics.monitor.MonitorMetricsHandler I CWPMI2003I: Monitoring metrics can be retrieved through mpMetrics.
[10/15/20 21:48:32:930 UTC] 00000041 com.ibm.ws.app.manager.AppMessageHelper                      I CWWKZ0018I: Starting application demo.
[10/15/20 21:48:32:933 UTC] 00000041 bm.ws.app.manager.war.internal.WARDeployedAppInfoFactoryImpl I CWWKZ0134I: The demo application is using the loose application definition at the /opt/ol/wlp/usr/servers/defaultServer/apps/demo.war.xml location.
[10/15/20 21:48:33:599 UTC] 00000044 com.ibm.ws.webcontainer.osgi.webapp.WebGroup                 I SRVE0169I: Loading Web Module: PublicMicroProfileMetrics.
[10/15/20 21:48:33:600 UTC] 00000040 com.ibm.ws.webcontainer.osgi.webapp.WebGroup                 I SRVE0169I: Loading Web Module: health.
[10/15/20 21:48:33:602 UTC] 0000003e com.ibm.ws.webcontainer.osgi.webapp.WebGroup                 I SRVE0169I: Loading Web Module: ibm/api.
[10/15/20 21:48:33:605 UTC] 0000003f com.ibm.ws.webcontainer.osgi.webapp.WebGroup                 I SRVE0169I: Loading Web Module: OpenAPIUI.
[10/15/20 21:48:33:605 UTC] 00000040 com.ibm.ws.webcontainer                                      I SRVE0250I: Web Module health has been bound to default_host.
[10/15/20 21:48:33:604 UTC] 00000044 com.ibm.ws.webcontainer                                      I SRVE0250I: Web Module PublicMicroProfileMetrics has been bound to default_host.
[10/15/20 21:48:33:601 UTC] 00000038 com.ibm.ws.webcontainer.osgi.webapp.WebGroup                 I SRVE0169I: Loading Web Module: com.ibm.ws.security.jwt.
[10/15/20 21:48:33:607 UTC] 0000003e com.ibm.ws.webcontainer                                      I SRVE0250I: Web Module ibm/api has been bound to default_host.
[10/15/20 21:48:33:609 UTC] 0000003f com.ibm.ws.webcontainer                                      I SRVE0250I: Web Module OpenAPIUI has been bound to default_host.
[10/15/20 21:48:33:613 UTC] 00000038 com.ibm.ws.webcontainer                                      I SRVE0250I: Web Module com.ibm.ws.security.jwt has been bound to default_host.
[10/15/20 21:48:33:617 UTC] 00000040 com.ibm.ws.http.internal.VirtualHostImpl                     A CWWKT0016I: Web application available (default_host): http://88f49aa013d4:9081/health/
[10/15/20 21:48:33:623 UTC] 00000038 com.ibm.ws.http.internal.VirtualHostImpl                     A CWWKT0016I: Web application available (default_host): http://88f49aa013d4:9081/jwt/
[10/15/20 21:48:33:626 UTC] 00000044 com.ibm.ws.http.internal.VirtualHostImpl                     A CWWKT0016I: Web application available (default_host): http://88f49aa013d4:9081/metrics/
[10/15/20 21:48:33:628 UTC] 0000003e com.ibm.ws.http.internal.VirtualHostImpl                     A CWWKT0016I: Web application available (default_host): http://88f49aa013d4:9081/ibm/api/
[10/15/20 21:48:33:631 UTC] 0000003f com.ibm.ws.http.internal.VirtualHostImpl                     A CWWKT0016I: Web application available (default_host): http://88f49aa013d4:9081/openapi/ui/
[10/15/20 21:48:33:757 UTC] 0000003d com.ibm.ws.webcontainer.osgi.webapp.WebGroup                 I SRVE0169I: Loading Web Module: MicroProfileOpenAPI.
[10/15/20 21:48:33:759 UTC] 0000003d com.ibm.ws.webcontainer                                      I SRVE0250I: Web Module MicroProfileOpenAPI has been bound to default_host.
[10/15/20 21:48:33:764 UTC] 0000003d com.ibm.ws.http.internal.VirtualHostImpl                     A CWWKT0016I: Web application available (default_host): http://88f49aa013d4:9081/openapi/
[10/15/20 21:48:33:816 UTC] 00000033 com.ibm.ws.session.WASSessionCore                            I SESN0176I: A new session context will be created for application key default_host/health
[10/15/20 21:48:33:816 UTC] 00000035 com.ibm.ws.session.WASSessionCore                            I SESN0176I: A new session context will be created for application key default_host/jwt
[10/15/20 21:48:33:816 UTC] 00000037 com.ibm.ws.session.WASSessionCore                            I SESN0176I: A new session context will be created for application key default_host/ibm/api
[10/15/20 21:48:33:817 UTC] 00000036 com.ibm.ws.session.WASSessionCore                            I SESN0176I: A new session context will be created for application key default_host/metrics
[10/15/20 21:48:33:816 UTC] 00000045 com.ibm.ws.session.WASSessionCore                            I SESN0176I: A new session context will be created for application key default_host/openapi/ui
[10/15/20 21:48:33:822 UTC] 00000040 com.ibm.ws.session.WASSessionCore                            I SESN0176I: A new session context will be created for application key default_host/openapi
[10/15/20 21:48:34:038 UTC] 00000035 com.ibm.ws.util                                              I SESN0172I: The session manager is using the Java default SecureRandom implementation for session ID generation.
[10/15/20 21:48:34:097 UTC] 00000036 com.ibm.ws.util                                              I SESN0172I: The session manager is using the Java default SecureRandom implementation for session ID generation.
[10/15/20 21:48:34:099 UTC] 00000033 com.ibm.ws.util                                              I SESN0172I: The session manager is using the Java default SecureRandom implementation for session ID generation.
[10/15/20 21:48:34:101 UTC] 00000045 com.ibm.ws.util                                              I SESN0172I: The session manager is using the Java default SecureRandom implementation for session ID generation.
[10/15/20 21:48:34:103 UTC] 00000040 com.ibm.ws.util                                              I SESN0172I: The session manager is using the Java default SecureRandom implementation for session ID generation.
[10/15/20 21:48:34:104 UTC] 00000037 com.ibm.ws.util                                              I SESN0172I: The session manager is using the Java default SecureRandom implementation for session ID generation.
[10/15/20 21:48:34:144 UTC] 00000045 com.ibm.ws.cache.CacheServiceImpl                            I DYNA1056I: Dynamic Cache (object cache) initialized successfully.
[10/15/20 21:48:34:453 UTC] 00000046 com.ibm.ws.webcontainer.osgi.mbeans.PluginGenerator          I SRVE9103I: A configuration file for a web server plugin was automatically generated for this server at /opt/ol/wlp/output/defaultServer/logs/state/plugin-cfg.xml.
[10/15/20 21:48:34:517 UTC] 00000038 com.ibm.ws.webcontainer.osgi.mbeans.PluginGenerator          I SRVE9103I: A configuration file for a web server plugin was automatically generated for this server at /opt/ol/wlp/output/defaultServer/logs/state/plugin-cfg.xml.
[10/15/20 21:48:34:571 UTC] 00000033 com.ibm.ws.webcontainer.servlet                              I SRVE0242I: [com.ibm.ws.microprofile.health.2.0] [/health] [HealthCheckReadinessServlet]: Initialization successful.
[10/15/20 21:48:34:595 UTC] 00000040 com.ibm.ws.webcontainer.servlet                              I SRVE0242I: [com.ibm.ws.microprofile.openapi] [/openapi] [OpenAPIServlet]: Initialization successful.
[10/15/20 21:48:34:599 UTC] 00000033 com.ibm.ws.webcontainer.servlet                              I SRVE0242I: [com.ibm.ws.microprofile.health.2.0] [/health] [HealthCheckServlet]: Initialization successful.
[10/15/20 21:48:34:609 UTC] 00000033 com.ibm.ws.webcontainer.servlet                              I SRVE0242I: [com.ibm.ws.microprofile.health.2.0] [/health] [HealthCheckLivenessServlet]: Initialization successful.
[10/15/20 21:48:34:610 UTC] 00000036 com.ibm.ws.webcontainer.servlet                              I SRVE0242I: [com.ibm.ws.microprofile.metrics.public] [/metrics] [PublicMetricsRESTProxyServlet]: Initialization successful.
[10/15/20 21:48:35:579 UTC] 00000041 com.ibm.ws.microprofile.openapi.ApplicationProcessor         I CWWKO1660I: The application demo was processed and an OpenAPI document was produced.
[10/15/20 21:48:35:634 UTC] 00000041 org.jboss.weld.Version                                       I WELD-000900: 3.1.4 (Final)
[10/15/20 21:48:38:592 UTC] 00000041 com.ibm.ws.webcontainer.osgi.webapp.WebGroup                 I SRVE0169I: Loading Web Module: demo.
[10/15/20 21:48:38:593 UTC] 00000041 com.ibm.ws.webcontainer                                      I SRVE0250I: Web Module demo has been bound to default_host.
[10/15/20 21:48:38:595 UTC] 00000041 com.ibm.ws.http.internal.VirtualHostImpl                     A CWWKT0016I: Web application available (default_host): http://88f49aa013d4:9081/
[10/15/20 21:48:38:599 UTC] 00000037 com.ibm.ws.session.WASSessionCore                            I SESN0176I: A new session context will be created for application key default_host/
[10/15/20 21:48:38:601 UTC] 00000037 com.ibm.ws.util                                              I SESN0172I: The session manager is using the Java default SecureRandom implementation for session ID generation.
[10/15/20 21:48:38:647 UTC] 00000041 com.ibm.ws.webcontainer.osgi.mbeans.PluginGenerator          I SRVE9103I: A configuration file for a web server plugin was automatically generated for this server at /opt/ol/wlp/output/defaultServer/logs/state/plugin-cfg.xml.
[10/15/20 21:48:38:733 UTC] 00000037 com.ibm.ws.app.manager.AppMessageHelper                      A CWWKZ0001I: Application demo started in 5.804 seconds.
[10/15/20 21:48:38:787 UTC] 00000030 com.ibm.ws.tcpchannel.internal.TCPPort                       I CWWKO0219I: TCP Channel defaultHttpEndpoint has been started and is now listening for requests on host *  (IPv4) port 9081.
[10/15/20 21:48:38:793 UTC] 00000030 com.ibm.ws.tcpchannel.internal.TCPPort                       I CWWKO0219I: TCP Channel defaultHttpEndpoint-ssl has been started and is now listening for requests on host *  (IPv4) port 9444.
[10/15/20 21:48:38:942 UTC] 00000030 com.ibm.ws.kernel.feature.internal.FeatureManager            A CWWKF0012I: The server installed the following features: [appSecurity-2.0, cdi-2.0, concurrent-1.0, distributedMap-1.0, jaxrs-2.1, jaxrsClient-2.1, jndi-1.0, json-1.0, jsonb-1.0, jsonp-1.1, jwt-1.0, microProfile-3.3, monitor-1.0, mpConfig-1.4, mpFaultTolerance-2.1, mpHealth-2.2, mpJwt-1.1, mpMetrics-2.3, mpOpenAPI-1.1, mpOpenTracing-1.3, mpRestClient-1.4, opentracing-1.3, servlet-4.0, ssl-1.0].
[10/15/20 21:48:38:944 UTC] 00000030 com.ibm.ws.kernel.feature.internal.FeatureManager            A CWWKF0013I: The server removed the following features: [el-3.0, jsp-2.3, servlet-3.1].
[10/15/20 21:48:38:946 UTC] 00000030 com.ibm.ws.kernel.feature.internal.FeatureManager            I CWWKF0008I: Feature update completed in 12.973 seconds.
[10/15/20 21:48:38:948 UTC] 00000030 com.ibm.ws.kernel.feature.internal.FeatureManager            A CWWKF0011I: The defaultServer server is ready to run a smarter planet. The defaultServer server started in 14.568 seconds.
[10/15/20 21:48:41:620 UTC] 00000056 com.ibm.ws.http.internal.VirtualHostImpl                     A CWWKT0017I: Web application removed (default_host): http://88f49aa013d4:9081/
[10/15/20 21:48:41:664 UTC] 00000056 com.ibm.ws.app.manager.AppMessageHelper                      A CWWKZ0009I: The application demo has stopped successfully.
[10/15/20 21:48:41:687 UTC] 00000056 com.ibm.ws.app.manager.AppMessageHelper                      I CWWKZ0018I: Starting application demo.
[10/15/20 21:48:41:689 UTC] 00000056 bm.ws.app.manager.war.internal.WARDeployedAppInfoFactoryImpl I CWWKZ0134I: The demo application is using the loose application definition at the /opt/ol/wlp/usr/servers/defaultServer/apps/demo.war.xml location.
[10/15/20 21:48:41:714 UTC] 00000044 com.ibm.ws.webcontainer.osgi.mbeans.PluginGenerator          I SRVE9103I: A configuration file for a web server plugin was automatically generated for this server at /opt/ol/wlp/output/defaultServer/logs/state/plugin-cfg.xml.
[10/15/20 21:48:42:584 UTC] 00000056 com.ibm.ws.microprofile.openapi.ApplicationProcessor         I CWWKO1660I: The application demo was processed and an OpenAPI document was produced.
[10/15/20 21:48:44:126 UTC] 00000056 com.ibm.ws.webcontainer.osgi.webapp.WebGroup                 I SRVE0169I: Loading Web Module: demo.
[10/15/20 21:48:44:131 UTC] 00000056 com.ibm.ws.webcontainer                                      I SRVE0250I: Web Module demo has been bound to default_host.
[10/15/20 21:48:44:135 UTC] 00000056 com.ibm.ws.http.internal.VirtualHostImpl                     A CWWKT0016I: Web application available (default_host): http://88f49aa013d4:9081/
[10/15/20 21:48:44:140 UTC] 00000046 com.ibm.ws.session.WASSessionCore                            I SESN0176I: A new session context will be created for application key default_host/
[10/15/20 21:48:44:142 UTC] 00000046 com.ibm.ws.util                                              I SESN0172I: The session manager is using the Java default SecureRandom implementation for session ID generation.
[10/15/20 21:48:44:273 UTC] 00000046 com.ibm.ws.app.manager.AppMessageHelper                      A CWWKZ0003I: The application demo updated in 2.586 seconds.
[10/15/20 21:48:44:302 UTC] 00000056 com.ibm.ws.webcontainer.osgi.mbeans.PluginGenerator          I SRVE9103I: A configuration file for a web server plugin was automatically generated for this server at /opt/ol/wlp/output/defaultServer/logs/state/plugin-cfg.xml.
[10/15/20 21:49:57:000 UTC] 00000058 .apache.cxf.cxf.core.3.2:1.0.41.cl200620200528-0414(id=181)] I Setting the server's publish address to be /data/
[10/15/20 21:49:57:127 UTC] 00000058 com.ibm.ws.webcontainer.servlet                              I SRVE0242I: [demo] [/] [com.example.demo.DemoRestApplication]: Initialization successful.
[10/15/20 21:49:57:231 UTC] 00000058 com.ibm.ws.opentracing.OpentracingJaxRsEMCallbackImpl        W CWMOT0009W: The OpenTracing exception mapper detected and is handling an unhandled exception from the JAX-RS application. 
                                                                                                               javax.ws.rs.ClientErrorException: HTTP 404 Not Found
	at org.apache.cxf.jaxrs.utils.SpecExceptions.toHttpException(SpecExceptions.java:117)
	at org.apache.cxf.jaxrs.utils.ExceptionUtils.toHttpException(ExceptionUtils.java:167)
	at org.apache.cxf.jaxrs.utils.JAXRSUtils.findTargetMethod(JAXRSUtils.java:561)
	at org.apache.cxf.jaxrs.interceptor.JAXRSInInterceptor.processRequest(JAXRSInInterceptor.java:251)
	at org.apache.cxf.jaxrs.interceptor.JAXRSInInterceptor.handleMessage(JAXRSInInterceptor.java:87)
	at org.apache.cxf.phase.PhaseInterceptorChain.doIntercept(PhaseInterceptorChain.java:316)
	at org.apache.cxf.transport.ChainInitiationObserver.onMessage(ChainInitiationObserver.java:123)
	at org.apache.cxf.transport.http.AbstractHTTPDestination.invoke(AbstractHTTPDestination.java:273)
	at com.ibm.ws.jaxrs20.endpoint.AbstractJaxRsWebEndpoint.invoke(AbstractJaxRsWebEndpoint.java:136)
	at com.ibm.websphere.jaxrs.server.IBMRestServlet.handleRequest(IBMRestServlet.java:146)
	at com.ibm.websphere.jaxrs.server.IBMRestServlet.doGet(IBMRestServlet.java:112)
	at javax.servlet.http.HttpServlet.service(HttpServlet.java:686)
	at com.ibm.websphere.jaxrs.server.IBMRestServlet.service(IBMRestServlet.java:96)
	at com.ibm.ws.webcontainer.servlet.ServletWrapper.service(ServletWrapper.java:1230)
	at com.ibm.ws.webcontainer.servlet.ServletWrapper.handleRequest(ServletWrapper.java:729)
	at com.ibm.ws.webcontainer.servlet.ServletWrapper.handleRequest(ServletWrapper.java:426)
	at com.ibm.ws.webcontainer.filter.WebAppFilterManager.invokeFilters(WebAppFilterManager.java:1226)
	at com.ibm.ws.webcontainer.webapp.WebApp.handleRequest(WebApp.java:5037)
	at com.ibm.ws.webcontainer.osgi.DynamicVirtualHost$2.handleRequest(DynamicVirtualHost.java:314)
	at com.ibm.ws.webcontainer.WebContainer.handleRequest(WebContainer.java:1007)
	at com.ibm.ws.webcontainer.osgi.DynamicVirtualHost$2.run(DynamicVirtualHost.java:279)
	at com.ibm.ws.http.dispatcher.internal.channel.HttpDispatcherLink$TaskWrapper.run(HttpDispatcherLink.java:1134)
	at com.ibm.ws.http.dispatcher.internal.channel.HttpDispatcherLink.wrapHandlerAndExecute(HttpDispatcherLink.java:415)
	at com.ibm.ws.http.dispatcher.internal.channel.HttpDispatcherLink.ready(HttpDispatcherLink.java:374)
	at com.ibm.ws.http.channel.internal.inbound.HttpInboundLink.handleDiscrimination(HttpInboundLink.java:546)
	at com.ibm.ws.http.channel.internal.inbound.HttpInboundLink.handleNewRequest(HttpInboundLink.java:480)
	at com.ibm.ws.http.channel.internal.inbound.HttpInboundLink.processRequest(HttpInboundLink.java:345)
	at com.ibm.ws.http.channel.internal.inbound.HttpInboundLink.ready(HttpInboundLink.java:316)
	at com.ibm.ws.tcpchannel.internal.NewConnectionInitialReadCallback.sendToDiscriminators(NewConnectionInitialReadCallback.java:167)
	at com.ibm.ws.tcpchannel.internal.NewConnectionInitialReadCallback.complete(NewConnectionInitialReadCallback.java:75)
	at com.ibm.ws.tcpchannel.internal.WorkQueueManager.requestComplete(WorkQueueManager.java:504)
	at com.ibm.ws.tcpchannel.internal.WorkQueueManager.attemptIO(WorkQueueManager.java:574)
	at com.ibm.ws.tcpchannel.internal.WorkQueueManager.workerRun(WorkQueueManager.java:958)
	at com.ibm.ws.tcpchannel.internal.WorkQueueManager$Worker.run(WorkQueueManager.java:1047)
	at com.ibm.ws.threading.internal.ExecutorServiceImpl$RunnableWrapper.run(ExecutorServiceImpl.java:239)
	at java.util.concurrent.ThreadPoolExecutor.runWorker(ThreadPoolExecutor.java:1149)
	at java.util.concurrent.ThreadPoolExecutor$Worker.run(ThreadPoolExecutor.java:624)
	at java.lang.Thread.run(Thread.java:821)

[10/15/20 21:50:32:894 UTC] 00000036 SystemErr                                                    R SLF4J: Failed to load class "org.slf4j.impl.StaticLoggerBinder".
[10/15/20 21:50:32:896 UTC] 00000036 SystemErr                                                    R SLF4J: Defaulting to no-operation (NOP) logger implementation
[10/15/20 21:50:32:898 UTC] 00000036 SystemErr                                                    R SLF4J: See http://www.slf4j.org/codes.html#StaticLoggerBinder for further details.
[10/15/20 21:50:33:245 UTC] 00000036 m.ibm.ws.microprofile.opentracing.jaeger.JaegerTracerFactory I CWMOT1001I: A JaegerTracer instance was created for the demo application.  Tracing information is sent to localhost:6831.
[10/15/20 21:56:44:044 UTC] 00000021 com.ibm.ws.kernel.launch.internal.FrameworkManager           A CWWKE0085I: The server defaultServer is stopping because the JVM is exiting.
[10/15/20 21:56:44:051 UTC] 00000072 com.ibm.ws.runtime.update.internal.RuntimeUpdateManagerImpl  A CWWKE1100I: Waiting for up to 30 seconds for the server to quiesce.
[10/15/20 21:56:44:068 UTC] 00000037 com.ibm.ws.tcpchannel.internal.TCPChannel                    I CWWKO0220I: TCP Channel defaultHttpEndpoint has stopped listening for requests on host *  (IPv4) port 9081.
[10/15/20 21:56:44:073 UTC] 00000042 com.ibm.ws.tcpchannel.internal.TCPChannel                    I CWWKO0220I: TCP Channel defaultHttpEndpoint-ssl has stopped listening for requests on host *  (IPv4) port 9444.
[10/15/20 21:56:44:075 UTC] 00000042 com.ibm.ws.http.internal.VirtualHostImpl                     A CWWKT0017I: Web application removed (default_host): https://88f49aa013d4:9444/jwt/
[10/15/20 21:56:44:077 UTC] 00000042 com.ibm.ws.http.internal.VirtualHostImpl                     A CWWKT0017I: Web application removed (default_host): https://88f49aa013d4:9444/openapi/ui/
[10/15/20 21:56:44:083 UTC] 00000042 com.ibm.ws.http.internal.VirtualHostImpl                     A CWWKT0017I: Web application removed (default_host): https://88f49aa013d4:9444/health/
[10/15/20 21:56:44:088 UTC] 00000042 com.ibm.ws.http.internal.VirtualHostImpl                     A CWWKT0017I: Web application removed (default_host): https://88f49aa013d4:9444/metrics/
[10/15/20 21:56:44:091 UTC] 00000042 com.ibm.ws.http.internal.VirtualHostImpl                     A CWWKT0017I: Web application removed (default_host): https://88f49aa013d4:9444/
[10/15/20 21:56:44:097 UTC] 00000042 com.ibm.ws.http.internal.VirtualHostImpl                     A CWWKT0017I: Web application removed (default_host): https://88f49aa013d4:9444/ibm/api/
[10/15/20 21:56:44:100 UTC] 00000042 com.ibm.ws.http.internal.VirtualHostImpl                     A CWWKT0017I: Web application removed (default_host): https://88f49aa013d4:9444/openapi/
[10/15/20 21:56:45:115 UTC] 00000072 com.ibm.ws.runtime.update.internal.RuntimeUpdateManagerImpl  I CWWKE1101I: Server quiesce complete.
[10/15/20 21:56:45:215 UTC] 00000056 com.ibm.ws.app.manager.AppMessageHelper                      A CWWKZ0009I: The application demo has stopped successfully.
[10/15/20 21:56:45:507 UTC] 00000072 om.ibm.ws.microprofile.metrics.monitor.MonitorMetricsHandler I CWPMI2004I: All monitoring metrics were unregistered from mpMetrics.
[10/15/20 21:56:45:522 UTC] 00000072 .ws.security.mp.jwt.v11.config.impl.MpConfigProxyServiceImpl I CWWKS5777I: The MicroProfile JWT version 1.1 mpConfigProxy deactivated successfully.
[10/15/20 21:56:45:592 UTC] 00000072 com.ibm.ws.security.mp.jwt.impl.MicroProfileJwtConfigImpl    I CWWKS5502I: The MicroProfile JWT configuration [jwtUserConsumer] was successfully deactivated.
[10/15/20 21:56:45:596 UTC] 00000072 com.ibm.ws.security.mp.jwt.impl.MicroProfileJwtConfigImpl    I CWWKS5502I: The MicroProfile JWT configuration [defaultMpJwt] was successfully deactivated.
[10/15/20 21:56:45:599 UTC] 00000072 com.ibm.ws.security.mp.jwt.impl.MicroProfileJwtServiceImpl   I CWWKS5502I: The MicroProfile JWT configuration [MicroProfileJwtService] was successfully deactivated.
[10/15/20 21:56:46:388 UTC] 00000072 com.ibm.ws.security.ready.internal.SecurityReadyServiceImpl  I CWWKS0009I: The security service has stopped.
[10/15/20 21:56:46:557 UTC] 00000072 ibm.ws.security.authentication.internal.jaas.JAASServiceImpl I CWWKS1124I: The collective authentication plugin with class name NullCollectiveAuthenticationPlugin has been deactivated. 
[10/15/20 21:56:50:362 UTC] 00000001 com.ibm.ws.kernel.launch.internal.FrameworkManager           A CWWKE0036I: The server defaultServer stopped after 8 minutes, 26.567 seconds.
