********************************************************************************
product = Open Liberty 20.0.0.6 (wlp-1.0.41.cl200620200528-0414)
wlp.install.dir = /opt/ol/wlp/
server.output.dir = /opt/ol/wlp/output/defaultServer/
java.home = /opt/java/openjdk/jre
java.version = 1.8.0_252
java.runtime = OpenJDK Runtime Environment (1.8.0_252-b09)
os = Linux (4.19.76-linuxkit; amd64) (en_US)
process = 1@172.17.0.2
********************************************************************************
[10/15/20 21:56:56:713 UTC] 00000001 com.ibm.ws.kernel.launch.internal.FrameworkManager           A CWWKE0001I: The server defaultServer has been launched.
[10/15/20 21:56:57:871 UTC] 00000025 com.ibm.ws.config.xml.internal.ServerXMLConfiguration        A CWWKG0093A: Processing configuration drop-ins resource: /opt/ol/wlp/usr/servers/defaultServer/configDropins/defaults/keystore.xml
[10/15/20 21:56:57:897 UTC] 00000025 com.ibm.ws.config.xml.internal.ServerXMLConfiguration        A CWWKG0093A: Processing configuration drop-ins resource: /opt/ol/wlp/usr/servers/defaultServer/configDropins/defaults/open-default-port.xml
[10/15/20 21:56:57:904 UTC] 00000025 com.ibm.ws.config.xml.internal.ServerXMLConfiguration        A CWWKG0093A: Processing configuration drop-ins resource: /opt/ol/wlp/usr/servers/defaultServer/configDropins/overrides/dev-mode-config.xml
[10/15/20 21:56:58:076 UTC] 00000001 com.ibm.ws.kernel.launch.internal.FrameworkManager           I CWWKE0002I: The kernel started after 1.562 seconds
[10/15/20 21:56:58:110 UTC] 00000030 com.ibm.ws.kernel.feature.internal.FeatureManager            I CWWKF0007I: Feature update started.
[10/15/20 21:57:01:143 UTC] 00000030 com.ibm.ws.config.xml.internal.ConfigValidator               A CWWKG0102I: Found conflicting settings for defaultKeyStore instance of keyStore configuration.
  Property password has conflicting values:
    Secure value is set in file:/opt/ol/wlp/usr/servers/defaultServer/configDropins/defaults/keystore.xml.
    Secure value is set in file:/opt/ol/wlp/usr/servers/defaultServer/server.xml.
  Property password will be set to the value defined in file:/opt/ol/wlp/usr/servers/defaultServer/server.xml.

[10/15/20 21:57:01:448 UTC] 00000028 .apache.cxf.cxf.core.3.2:1.0.41.cl200620200528-0414(id=181)] I Aries Blueprint packages not available. So namespaces will not be registered
[10/15/20 21:57:01:465 UTC] 00000028 .apache.cxf.cxf.core.3.2:1.0.41.cl200620200528-0414(id=181)] I Aries Blueprint packages not available. So namespaces will not be registered
[10/15/20 21:57:01:611 UTC] 00000024 com.ibm.ws.security.ready.internal.SecurityReadyServiceImpl  I CWWKS0007I: The security service is starting...
[10/15/20 21:57:02:256 UTC] 00000026 com.ibm.ws.app.manager.internal.monitor.DropinMonitor        A CWWKZ0058I: Monitoring dropins for applications.
[10/15/20 21:57:02:965 UTC] 00000026 com.ibm.ws.cache.ServerCache                                 I DYNA1001I: WebSphere Dynamic Cache instance named baseCache initialized successfully.
[10/15/20 21:57:02:975 UTC] 00000026 com.ibm.ws.cache.ServerCache                                 I DYNA1071I: The cache provider default is being used.
[10/15/20 21:57:02:980 UTC] 00000026 com.ibm.ws.cache.CacheServiceImpl                            I DYNA1056I: Dynamic Cache (object cache) initialized successfully.
[10/15/20 21:57:03:725 UTC] 0000002c com.ibm.ws.ssl.config.WSKeyStore                             I CWPKI0802I: Creating the SSL certificate. This may take a few seconds.
[10/15/20 21:57:03:763 UTC] 00000031 com.ibm.ws.security.token.ltpa.internal.LTPAKeyInfoManager   I CWWKS4103I: Creating the LTPA keys. This may take a few seconds.
[10/15/20 21:57:03:816 UTC] 00000024 ibm.ws.security.authentication.internal.jaas.JAASServiceImpl I CWWKS1123I: The collective authentication plugin with class name NullCollectiveAuthenticationPlugin has been activated. 
[10/15/20 21:57:04:343 UTC] 00000024 com.ibm.ws.security.jwt.internal.ConsumerImpl                I CWWKS6012I: The JSON Web Token (JWT) consumer service is available.
[10/15/20 21:57:04:401 UTC] 00000024 com.ibm.ws.security.jwt.web.JwtEndpointServices              I CWWKS6002I: The JSON Web Token (JWT) endpoint service is available.
[10/15/20 21:57:04:444 UTC] 00000031 com.ibm.ws.security.token.ltpa.internal.LTPAKeyInfoManager   A CWWKS4104A: LTPA keys created in 0.681 seconds. LTPA key file: /opt/ol/wlp/output/defaultServer/resources/security/ltpa.keys
[10/15/20 21:57:04:446 UTC] 00000024 .ws.security.mp.jwt.v11.config.impl.MpConfigProxyServiceImpl I CWWKS5775I: The MicroProfile JWT version 1.1 mpConfigProxy processed successfully.
[10/15/20 21:57:04:458 UTC] 00000031 com.ibm.ws.security.token.ltpa.internal.LTPAKeyCreateTask    I CWWKS4105I: LTPA configuration is ready after 0.700 seconds.
[10/15/20 21:57:04:483 UTC] 00000024 com.ibm.ws.security.mp.jwt.impl.MicroProfileJwtConfigImpl    I CWWKS5500I: The MicroProfile JWT configuration [jwtUserConsumer] was successfully processed.
[10/15/20 21:57:04:493 UTC] 00000024 com.ibm.ws.security.mp.jwt.impl.MicroProfileJwtConfigImpl    I CWWKS5500I: The MicroProfile JWT configuration [defaultMpJwt] was successfully processed.
[10/15/20 21:57:04:505 UTC] 00000024 com.ibm.ws.security.mp.jwt.impl.MicroProfileJwtServiceImpl   I CWWKS5500I: The MicroProfile JWT configuration [MicroProfileJwtService] was successfully processed.
[10/15/20 21:57:05:949 UTC] 0000002c com.ibm.ws.ssl.config.WSKeyStore                             A CWPKI0803A: SSL certificate created in 2.224 seconds. SSL key file: /opt/ol/wlp/output/defaultServer/resources/security/public.jks
[10/15/20 21:57:05:953 UTC] 0000002c com.ibm.ws.ssl.config.WSKeyStore                             I Successfully loaded default keystore: /opt/ol/wlp/output/defaultServer/resources/security/public.jks of type: JKS
[10/15/20 21:57:06:348 UTC] 00000024 com.ibm.ws.session.WASSessionCore                            I SESN8501I: The session manager did not find a persistent storage location; HttpSession objects will be stored in the local application server's memory.
[10/15/20 21:57:06:446 UTC] 00000024 om.ibm.ws.microprofile.metrics.monitor.MonitorMetricsHandler I CWPMI2003I: Monitoring metrics can be retrieved through mpMetrics.
[10/15/20 21:57:07:534 UTC] 00000038 com.ibm.ws.app.manager.AppMessageHelper                      I CWWKZ0018I: Starting application demo.
[10/15/20 21:57:07:544 UTC] 00000038 bm.ws.app.manager.war.internal.WARDeployedAppInfoFactoryImpl I CWWKZ0134I: The demo application is using the loose application definition at the /opt/ol/wlp/usr/servers/defaultServer/apps/demo.war.xml location.
[10/15/20 21:57:08:499 UTC] 00000033 com.ibm.ws.webcontainer.osgi.webapp.WebGroup                 I SRVE0169I: Loading Web Module: PublicMicroProfileMetrics.
[10/15/20 21:57:08:502 UTC] 00000042 com.ibm.ws.webcontainer.osgi.webapp.WebGroup                 I SRVE0169I: Loading Web Module: ibm/api.
[10/15/20 21:57:08:507 UTC] 00000033 com.ibm.ws.webcontainer                                      I SRVE0250I: Web Module PublicMicroProfileMetrics has been bound to default_host.
[10/15/20 21:57:08:504 UTC] 00000036 com.ibm.ws.webcontainer.osgi.webapp.WebGroup                 I SRVE0169I: Loading Web Module: OpenAPIUI.
[10/15/20 21:57:08:508 UTC] 00000042 com.ibm.ws.webcontainer                                      I SRVE0250I: Web Module ibm/api has been bound to default_host.
[10/15/20 21:57:08:510 UTC] 00000036 com.ibm.ws.webcontainer                                      I SRVE0250I: Web Module OpenAPIUI has been bound to default_host.
[10/15/20 21:57:08:512 UTC] 00000033 com.ibm.ws.http.internal.VirtualHostImpl                     A CWWKT0016I: Web application available (default_host): http://8f954e99851f:9080/metrics/
[10/15/20 21:57:08:523 UTC] 00000042 com.ibm.ws.http.internal.VirtualHostImpl                     A CWWKT0016I: Web application available (default_host): http://8f954e99851f:9080/ibm/api/
[10/15/20 21:57:08:527 UTC] 00000036 com.ibm.ws.http.internal.VirtualHostImpl                     A CWWKT0016I: Web application available (default_host): http://8f954e99851f:9080/openapi/ui/
[10/15/20 21:57:08:533 UTC] 00000037 com.ibm.ws.webcontainer.osgi.webapp.WebGroup                 I SRVE0169I: Loading Web Module: health.
[10/15/20 21:57:08:541 UTC] 00000037 com.ibm.ws.webcontainer                                      I SRVE0250I: Web Module health has been bound to default_host.
[10/15/20 21:57:08:543 UTC] 00000037 com.ibm.ws.http.internal.VirtualHostImpl                     A CWWKT0016I: Web application available (default_host): http://8f954e99851f:9080/health/
[10/15/20 21:57:08:648 UTC] 00000041 com.ibm.ws.webcontainer.osgi.webapp.WebGroup                 I SRVE0169I: Loading Web Module: com.ibm.ws.security.jwt.
[10/15/20 21:57:08:651 UTC] 00000041 com.ibm.ws.webcontainer                                      I SRVE0250I: Web Module com.ibm.ws.security.jwt has been bound to default_host.
[10/15/20 21:57:08:653 UTC] 00000041 com.ibm.ws.http.internal.VirtualHostImpl                     A CWWKT0016I: Web application available (default_host): http://8f954e99851f:9080/jwt/
[10/15/20 21:57:08:791 UTC] 0000003c com.ibm.ws.session.WASSessionCore                            I SESN0176I: A new session context will be created for application key default_host/openapi/ui
[10/15/20 21:57:08:792 UTC] 0000003a com.ibm.ws.session.WASSessionCore                            I SESN0176I: A new session context will be created for application key default_host/health
[10/15/20 21:57:08:801 UTC] 00000039 com.ibm.ws.session.WASSessionCore                            I SESN0176I: A new session context will be created for application key default_host/metrics
[10/15/20 21:57:08:791 UTC] 00000031 com.ibm.ws.session.WASSessionCore                            I SESN0176I: A new session context will be created for application key default_host/ibm/api
[10/15/20 21:57:08:801 UTC] 00000035 com.ibm.ws.session.WASSessionCore                            I SESN0176I: A new session context will be created for application key default_host/jwt
[10/15/20 21:57:08:881 UTC] 00000045 com.ibm.ws.webcontainer.osgi.webapp.WebGroup                 I SRVE0169I: Loading Web Module: MicroProfileOpenAPI.
[10/15/20 21:57:08:883 UTC] 00000045 com.ibm.ws.webcontainer                                      I SRVE0250I: Web Module MicroProfileOpenAPI has been bound to default_host.
[10/15/20 21:57:08:885 UTC] 00000045 com.ibm.ws.http.internal.VirtualHostImpl                     A CWWKT0016I: Web application available (default_host): http://8f954e99851f:9080/openapi/
[10/15/20 21:57:09:053 UTC] 0000003c com.ibm.ws.util                                              I SESN0172I: The session manager is using the Java default SecureRandom implementation for session ID generation.
[10/15/20 21:57:09:057 UTC] 00000036 com.ibm.ws.session.WASSessionCore                            I SESN0176I: A new session context will be created for application key default_host/openapi
[10/15/20 21:57:09:105 UTC] 0000003a com.ibm.ws.util                                              I SESN0172I: The session manager is using the Java default SecureRandom implementation for session ID generation.
[10/15/20 21:57:09:108 UTC] 00000036 com.ibm.ws.util                                              I SESN0172I: The session manager is using the Java default SecureRandom implementation for session ID generation.
[10/15/20 21:57:09:113 UTC] 00000035 com.ibm.ws.util                                              I SESN0172I: The session manager is using the Java default SecureRandom implementation for session ID generation.
[10/15/20 21:57:09:116 UTC] 00000039 com.ibm.ws.util                                              I SESN0172I: The session manager is using the Java default SecureRandom implementation for session ID generation.
[10/15/20 21:57:09:121 UTC] 00000031 com.ibm.ws.util                                              I SESN0172I: The session manager is using the Java default SecureRandom implementation for session ID generation.
[10/15/20 21:57:09:184 UTC] 0000003c com.ibm.ws.cache.CacheServiceImpl                            I DYNA1056I: Dynamic Cache (object cache) initialized successfully.
[10/15/20 21:57:09:557 UTC] 0000003f com.ibm.ws.webcontainer.osgi.mbeans.PluginGenerator          I SRVE9103I: A configuration file for a web server plugin was automatically generated for this server at /opt/ol/wlp/output/defaultServer/logs/state/plugin-cfg.xml.
[10/15/20 21:57:09:679 UTC] 00000043 com.ibm.ws.webcontainer.osgi.mbeans.PluginGenerator          I SRVE9103I: A configuration file for a web server plugin was automatically generated for this server at /opt/ol/wlp/output/defaultServer/logs/state/plugin-cfg.xml.
[10/15/20 21:57:09:800 UTC] 00000039 com.ibm.ws.webcontainer.servlet                              I SRVE0242I: [com.ibm.ws.microprofile.metrics.public] [/metrics] [PublicMetricsRESTProxyServlet]: Initialization successful.
[10/15/20 21:57:09:811 UTC] 0000003a com.ibm.ws.webcontainer.servlet                              I SRVE0242I: [com.ibm.ws.microprofile.health.2.0] [/health] [HealthCheckReadinessServlet]: Initialization successful.
[10/15/20 21:57:09:826 UTC] 00000036 com.ibm.ws.webcontainer.servlet                              I SRVE0242I: [com.ibm.ws.microprofile.openapi] [/openapi] [OpenAPIServlet]: Initialization successful.
[10/15/20 21:57:09:826 UTC] 0000003a com.ibm.ws.webcontainer.servlet                              I SRVE0242I: [com.ibm.ws.microprofile.health.2.0] [/health] [HealthCheckServlet]: Initialization successful.
[10/15/20 21:57:09:831 UTC] 0000003a com.ibm.ws.webcontainer.servlet                              I SRVE0242I: [com.ibm.ws.microprofile.health.2.0] [/health] [HealthCheckLivenessServlet]: Initialization successful.
[10/15/20 21:57:11:771 UTC] 00000038 com.ibm.ws.microprofile.openapi.ApplicationProcessor         I CWWKO1660I: The application demo was processed and an OpenAPI document was produced.
[10/15/20 21:57:11:849 UTC] 00000038 org.jboss.weld.Version                                       I WELD-000900: 3.1.4 (Final)
[10/15/20 21:57:15:495 UTC] 00000038 com.ibm.ws.webcontainer.osgi.webapp.WebGroup                 I SRVE0169I: Loading Web Module: demo.
[10/15/20 21:57:15:496 UTC] 00000038 com.ibm.ws.webcontainer                                      I SRVE0250I: Web Module demo has been bound to default_host.
[10/15/20 21:57:15:498 UTC] 00000038 com.ibm.ws.http.internal.VirtualHostImpl                     A CWWKT0016I: Web application available (default_host): http://8f954e99851f:9080/
[10/15/20 21:57:15:504 UTC] 00000031 com.ibm.ws.session.WASSessionCore                            I SESN0176I: A new session context will be created for application key default_host/
[10/15/20 21:57:15:506 UTC] 00000031 com.ibm.ws.util                                              I SESN0172I: The session manager is using the Java default SecureRandom implementation for session ID generation.
[10/15/20 21:57:15:535 UTC] 00000038 com.ibm.ws.webcontainer.osgi.mbeans.PluginGenerator          I SRVE9103I: A configuration file for a web server plugin was automatically generated for this server at /opt/ol/wlp/output/defaultServer/logs/state/plugin-cfg.xml.
[10/15/20 21:57:15:634 UTC] 00000031 com.ibm.ws.app.manager.AppMessageHelper                      A CWWKZ0001I: Application demo started in 8.101 seconds.
[10/15/20 21:57:15:779 UTC] 00000030 com.ibm.ws.tcpchannel.internal.TCPPort                       I CWWKO0219I: TCP Channel defaultHttpEndpoint has been started and is now listening for requests on host *  (IPv4) port 9080.
[10/15/20 21:57:15:785 UTC] 00000030 com.ibm.ws.tcpchannel.internal.TCPPort                       I CWWKO0219I: TCP Channel defaultHttpEndpoint-ssl has been started and is now listening for requests on host *  (IPv4) port 9443.
[10/15/20 21:57:15:876 UTC] 00000030 com.ibm.ws.kernel.feature.internal.FeatureManager            A CWWKF0012I: The server installed the following features: [appSecurity-2.0, cdi-2.0, concurrent-1.0, distributedMap-1.0, jaxrs-2.1, jaxrsClient-2.1, jndi-1.0, json-1.0, jsonb-1.0, jsonp-1.1, jwt-1.0, microProfile-3.3, monitor-1.0, mpConfig-1.4, mpFaultTolerance-2.1, mpHealth-2.2, mpJwt-1.1, mpMetrics-2.3, mpOpenAPI-1.1, mpOpenTracing-1.3, mpRestClient-1.4, opentracing-1.3, servlet-4.0, ssl-1.0].
[10/15/20 21:57:15:879 UTC] 00000030 com.ibm.ws.kernel.feature.internal.FeatureManager            A CWWKF0013I: The server removed the following features: [el-3.0, jsp-2.3, servlet-3.1].
[10/15/20 21:57:15:881 UTC] 00000030 com.ibm.ws.kernel.feature.internal.FeatureManager            I CWWKF0008I: Feature update completed in 17.804 seconds.
[10/15/20 21:57:15:883 UTC] 00000030 com.ibm.ws.kernel.feature.internal.FeatureManager            A CWWKF0011I: The defaultServer server is ready to run a smarter planet. The defaultServer server started in 19.370 seconds.
[10/15/20 21:57:18:731 UTC] 0000003a com.ibm.ws.http.internal.VirtualHostImpl                     A CWWKT0017I: Web application removed (default_host): http://8f954e99851f:9080/
[10/15/20 21:57:18:769 UTC] 0000003a com.ibm.ws.app.manager.AppMessageHelper                      A CWWKZ0009I: The application demo has stopped successfully.
[10/15/20 21:57:18:789 UTC] 0000003a com.ibm.ws.app.manager.AppMessageHelper                      I CWWKZ0018I: Starting application demo.
[10/15/20 21:57:18:791 UTC] 0000003a bm.ws.app.manager.war.internal.WARDeployedAppInfoFactoryImpl I CWWKZ0134I: The demo application is using the loose application definition at the /opt/ol/wlp/usr/servers/defaultServer/apps/demo.war.xml location.
[10/15/20 21:57:18:811 UTC] 00000031 com.ibm.ws.webcontainer.osgi.mbeans.PluginGenerator          I SRVE9103I: A configuration file for a web server plugin was automatically generated for this server at /opt/ol/wlp/output/defaultServer/logs/state/plugin-cfg.xml.
[10/15/20 21:57:19:846 UTC] 0000003a com.ibm.ws.microprofile.openapi.ApplicationProcessor         I CWWKO1660I: The application demo was processed and an OpenAPI document was produced.
[10/15/20 21:57:22:031 UTC] 0000003a com.ibm.ws.webcontainer.osgi.webapp.WebGroup                 I SRVE0169I: Loading Web Module: demo.
[10/15/20 21:57:22:034 UTC] 0000003a com.ibm.ws.webcontainer                                      I SRVE0250I: Web Module demo has been bound to default_host.
[10/15/20 21:57:22:037 UTC] 0000003a com.ibm.ws.http.internal.VirtualHostImpl                     A CWWKT0016I: Web application available (default_host): http://8f954e99851f:9080/
[10/15/20 21:57:22:041 UTC] 0000003f com.ibm.ws.session.WASSessionCore                            I SESN0176I: A new session context will be created for application key default_host/
[10/15/20 21:57:22:044 UTC] 0000003f com.ibm.ws.util                                              I SESN0172I: The session manager is using the Java default SecureRandom implementation for session ID generation.
[10/15/20 21:57:22:169 UTC] 0000003f com.ibm.ws.app.manager.AppMessageHelper                      A CWWKZ0003I: The application demo updated in 3.379 seconds.
[10/15/20 21:57:22:217 UTC] 00000036 com.ibm.ws.webcontainer.osgi.mbeans.PluginGenerator          I SRVE9103I: A configuration file for a web server plugin was automatically generated for this server at /opt/ol/wlp/output/defaultServer/logs/state/plugin-cfg.xml.
[10/15/20 23:01:44:311 UTC] 00000039 .apache.cxf.cxf.core.3.2:1.0.41.cl200620200528-0414(id=181)] I Setting the server's publish address to be /data/
[10/15/20 23:01:44:451 UTC] 00000039 com.ibm.ws.webcontainer.servlet                              I SRVE0242I: [demo] [/] [com.example.demo.DemoRestApplication]: Initialization successful.
[10/15/20 23:01:44:648 UTC] 00000039 SystemErr                                                    R SLF4J: Failed to load class "org.slf4j.impl.StaticLoggerBinder".
[10/15/20 23:01:44:651 UTC] 00000039 SystemErr                                                    R SLF4J: Defaulting to no-operation (NOP) logger implementation
[10/15/20 23:01:44:652 UTC] 00000039 SystemErr                                                    R SLF4J: See http://www.slf4j.org/codes.html#StaticLoggerBinder for further details.
[10/15/20 23:01:45:019 UTC] 00000039 m.ibm.ws.microprofile.opentracing.jaeger.JaegerTracerFactory I CWMOT1001I: A JaegerTracer instance was created for the demo application.  Tracing information is sent to localhost:6831.
